<?xml version="1.0" encoding="UTF-8"?>
<!-- Generated by org.testng.reporters.JUnitReportReporter -->
<testsuite hostname="Yasins-MBP" failures="0" tests="4" name="selenium.tests.day13_Actions.ActionsClassTest" time="23.590" errors="0" timestamp="06 Aug 2019 04:16:11 GMT" skipped="0">
  <testcase classname="selenium.tests.day13_Actions.ActionsClassTest" name="hoverTest2" time="9.054"/>
  <testcase classname="selenium.tests.day13_Actions.ActionsClassTest" name="dragAndDrop" time="7.103"/>
  <testcase classname="selenium.tests.day13_Actions.ActionsClassTest" name="hoverTest1" time="2.081"/>
  <testcase classname="selenium.tests.day13_Actions.ActionsClassTest" name="hoverTest3" time="5.352"/>
</testsuite> <!-- selenium.tests.day13_Actions.ActionsClassTest -->
