<?xml version="1.0" encoding="UTF-8"?>
<!-- Generated by org.testng.reporters.JUnitReportReporter -->
<testsuite hostname="Yasins-MBP" failures="0" tests="3" name="selenium.tests.day12_Sync.ExplicitWaitTest" time="20.316" errors="0" timestamp="06 Aug 2019 04:16:11 GMT" skipped="0">
  <testcase classname="selenium.tests.day12_Sync.ExplicitWaitTest" name="waitForElementToBeClickable2" time="7.578"/>
  <testcase classname="selenium.tests.day12_Sync.ExplicitWaitTest" name="WaitForElementToBeClickable" time="5.232"/>
  <testcase classname="selenium.tests.day12_Sync.ExplicitWaitTest" name="waitForVisibility" time="7.506"/>
</testsuite> <!-- selenium.tests.day12_Sync.ExplicitWaitTest -->
